10:47:18 PM.509 ( -1 FPS)	Autodetected: Screen
10:47:18 PM.512 ( -1 FPS)	Platform: WindowsPlayer, loaded VR device: Loaded device name: , StereoRenderingMode: MultiPass
10:47:19 PM.036 (  0 FPS)	Initializing Neos: Beta 2020.5.4.1227, Processor Count: 8, Max GC Generation: 0, IsLittleEndian: True, HeadDevice: Screen
10:47:19 PM.036 (  0 FPS)	5.11.0 (Visual Studio built mono)
10:47:19 PM.036 (  0 FPS)	Argument: F:\SteamLibrary\steamapps\common\NeosVR\Neos.exe
10:47:19 PM.052 (  0 FPS)	Compatibility Hash: xY1UOwC3K2o+70FP/vw9dw==
10:47:19 PM.667 (  0 FPS)	FreeImage Version: 3.18.0
10:47:19 PM.668 (  0 FPS)	FreeType Version: 2.10.0
10:47:20 PM.799 (  0 FPS)		Reading settings file
10:47:20 PM.817 (  0 FPS)		Performing version checks and updates, loaded version: 6
10:47:20 PM.818 (  0 FPS)	MachineID: cxwphbzdjeal8wj7hzq_ca
10:47:20 PM.996 (  0 FPS)		Configuring LiteDB database
10:47:21 PM.087 (  0 FPS)	Saving Settings
10:47:21 PM.148 (  0 FPS)	Graphics Device Type: Direct3D11
10:47:21 PM.178 (  0 FPS)	AudioSystem SampleRate: 48000, BufferLength: 1024, NumBuffers: 4
10:47:21 PM.309 (  0 FPS)	Executable: F:\SteamLibrary\steamapps\common\NeosVR\RuntimeData\Neosmon\NeosmonServer.exe
10:47:21 PM.515 (  0 FPS)	Local User SteamID: 76561198084108249
10:47:21 PM.516 (  0 FPS)	SteamAPI initialized
10:47:21 PM.545 (  0 FPS)	Supported network protocols: lnl-nat, lnl, neos-steam
10:47:21 PM.545 (  0 FPS)	FrooxEngine Initialized in 2509.1339 ms
10:47:21 PM.552 (  0 FPS)	Initializing CSCore Audio Input Driver
10:47:21 PM.574 (  0 FPS)	Initialized Audio Input MMDevice CABLE Output (VB-Audio Virtual Cable), ID: {0.0.1.00000000}.{27aa08a5-11b4-4a87-9284-b84ea1380e43}, Format: ChannelsAvailable: 2|SampleRate: 44100|Bps: 264600|BlockAlign: 6|BitsPerSample: 24|Encoding: Extensible|SubFormat: 00000001-0000-0010-8000-00aa00389b71|ChannelMask: SpeakerFrontLeft, SpeakerFrontRight
10:47:21 PM.574 (  0 FPS)	Initialized Audio Input MMDevice Microphone (Virtual Desktop Audio), ID: {0.0.1.00000000}.{3df72788-e632-4225-8dac-a1cbe867f8f3}, Format: ChannelsAvailable: 1|SampleRate: 44100|Bps: 88200|BlockAlign: 2|BitsPerSample: 16|Encoding: Extensible|SubFormat: 00000001-0000-0010-8000-00aa00389b71|ChannelMask: SpeakerFrontCenter
10:47:21 PM.574 (  0 FPS)	Initialized Audio Input MMDevice Microphone (Steam Streaming Microphone), ID: {0.0.1.00000000}.{498e1399-049d-464a-a7e7-971379ec3d9e}, Format: ChannelsAvailable: 1|SampleRate: 44100|Bps: 88200|BlockAlign: 2|BitsPerSample: 16|Encoding: Extensible|SubFormat: 00000001-0000-0010-8000-00aa00389b71|ChannelMask: SpeakerFrontCenter
10:47:21 PM.575 (  0 FPS)	Initialized Audio Input MMDevice VoiceMeeter Output (VB-Audio VoiceMeeter VAIO), ID: {0.0.1.00000000}.{4fcdd9da-b9a9-429e-8f60-5e5fd382751e}, Format: ChannelsAvailable: 2|SampleRate: 44100|Bps: 264600|BlockAlign: 6|BitsPerSample: 24|Encoding: Extensible|SubFormat: 00000001-0000-0010-8000-00aa00389b71|ChannelMask: SpeakerFrontLeft, SpeakerFrontRight
10:47:21 PM.575 (  0 FPS)	Initialized Audio Input MMDevice VoiceMeeter Aux Output (VB-Audio VoiceMeeter AUX VAIO), ID: {0.0.1.00000000}.{8510075a-d1c4-45e5-9925-a7e5cb05d31d}, Format: ChannelsAvailable: 2|SampleRate: 44100|Bps: 264600|BlockAlign: 6|BitsPerSample: 24|Encoding: Extensible|SubFormat: 00000001-0000-0010-8000-00aa00389b71|ChannelMask: SpeakerFrontLeft, SpeakerFrontRight
10:47:21 PM.575 (  0 FPS)	Initialized Audio Input MMDevice Microphone (2- Razer Kiyo), ID: {0.0.1.00000000}.{909d5b2a-85a4-49fb-a679-6b0af3a943a3}, Format: ChannelsAvailable: 2|SampleRate: 16000|Bps: 64000|BlockAlign: 4|BitsPerSample: 16|Encoding: Extensible|SubFormat: 00000001-0000-0010-8000-00aa00389b71|ChannelMask: SpeakerFrontLeft, SpeakerFrontRight
10:47:21 PM.576 (  0 FPS)	Initialized Audio Input MMDevice Microphone (Razer Seiren X), ID: {0.0.1.00000000}.{a073827b-d5fb-4e4a-9dd8-4a8555616689}, Format: ChannelsAvailable: 2|SampleRate: 44100|Bps: 176400|BlockAlign: 4|BitsPerSample: 16|Encoding: Extensible|SubFormat: 00000001-0000-0010-8000-00aa00389b71|ChannelMask: SpeakerFrontLeft, SpeakerFrontRight
10:47:22 PM.006 (  0 FPS)	Starting running world: 
10:47:22 PM.093 (  0 FPS)	Parsing Config.json file
10:47:22 PM.097 (  0 FPS)	Excepting parsing the config file: System.IO.FileNotFoundException: Could not find file "D:\Documents\GitHub\PolyLogiX-Launcher\polylogix-launcher\Config.json"
File name: 'D:\Documents\GitHub\PolyLogiX-Launcher\polylogix-launcher\Config.json'
  at System.IO.FileStream..ctor (System.String path, System.IO.FileMode mode, System.IO.FileAccess access, System.IO.FileShare share, System.Int32 bufferSize, System.Boolean anonymous, System.IO.FileOptions options) [0x0019e] in <437ba245d8404784b9fbab9b439ac908>:0 
  at System.IO.FileStream..ctor (System.String path, System.IO.FileMode mode, System.IO.FileAccess access, System.IO.FileShare share, System.Int32 bufferSize, System.IO.FileOptions options, System.String msgPath, System.Boolean bFromProxy, System.Boolean useLongPath, System.Boolean checkHost) [0x00000] in <437ba245d8404784b9fbab9b439ac908>:0 
  at (wrapper remoting-invoke-with-check) System.IO.FileStream..ctor(string,System.IO.FileMode,System.IO.FileAccess,System.IO.FileShare,int,System.IO.FileOptions,string,bool,bool,bool)
  at System.IO.StreamReader..ctor (System.String path, System.Text.Encoding encoding, System.Boolean detectEncodingFromByteOrderMarks, System.Int32 bufferSize, System.Boolean checkHost) [0x00067] in <437ba245d8404784b9fbab9b439ac908>:0 
  at System.IO.StreamReader..ctor (System.String path, System.Text.Encoding encoding, System.Boolean detectEncodingFromByteOrderMarks, System.Int32 bufferSize) [0x00000] in <437ba245d8404784b9fbab9b439ac908>:0 
  at System.IO.StreamReader..ctor (System.String path, System.Boolean detectEncodingFromByteOrderMarks) [0x0000d] in <437ba245d8404784b9fbab9b439ac908>:0 
  at System.IO.StreamReader..ctor (System.String path) [0x00000] in <437ba245d8404784b9fbab9b439ac908>:0 
  at (wrapper remoting-invoke-with-check) System.IO.StreamReader..ctor(string)
  at System.IO.File.ReadAllText (System.String path) [0x00000] in <437ba245d8404784b9fbab9b439ac908>:0 
  at FrooxEngine.Userspace.OnAttach () [0x00057] in <1521eeb89d5747d39755fd3f393d38f4>:0 
10:47:22 PM.097 (  0 FPS)	Running default bootstrap
10:47:23 PM.601 (  0 FPS)	User Bitman Role: Admin, HasFingerTracking: False, HasEyeTracking: False, HasLipTracking: False
10:47:23 PM.938 (  0 FPS)	Has LeftTool: False, Has RightTool: False
10:47:23 PM.948 (  0 FPS)	Setting URL: local://cxwphbzdjeal8wj7hzq_ca/rc7Wk_RD-02B41QCyOKtrA.lz4bson
10:47:24 PM.222 (  0 FPS)	Local Home file not found, creating a new one. Fetched homeUrl: local://cxwphbzdjeal8wj7hzq_ca/tVyJvNbD60ODgzxDw9npXA.lz4bson, record: {"id":"R-Home","ownerId":"M-cxwphbzdjeal8wj7hzq_ca","assetUri":"local://cxwphbzdjeal8wj7hzq_ca/tVyJvNbD60ODgzxDw9npXA.lz4bson","globalVersion":0,"localVersion":5,"lastModifyingUserId":"U-bombitmanbomb","lastModifyingMachineId":"cxwphbzdjeal8wj7hzq_ca","name":"Local","description":null,"recordType":"world","ownerName":null,"tags":[],"path":null,"thumbnailUri":null,"isPublic":false,"isForPatrons":false,"isListed":false,"lastModificationTime":"2020-03-24T17:57:16.717-04:00","rootRecordId":null,"creationTime":"2020-03-13T12:17:57.796-04:00","firstPublishTime":null,"visits":0,"rating":0,"submissions":null,"neosDBmanifest":null,"IsValidOwnerId":true,"IsValidRecordId":true}
10:47:24 PM.227 (  0 FPS)	NetworkInitStart
10:47:24 PM.233 (  0 FPS)	Creating Listener for host SteamID 76561198084108249, channel: 0, sessionId: 71d57cdd-73fa-4cee-beef-096dd15d66f3
10:47:24 PM.238 (  0 FPS)	Starting running world: 
10:47:25 PM.546 (  0 FPS)	Shutdown requested
10:47:25 PM.546 (  0 FPS)	Exiting Neos. Save Homes: True
10:47:25 PM.632 (  0 FPS)	Saving world: , currently being saved: 1
10:47:25 PM.642 (  0 FPS)	Starting running world: 
10:47:25 PM.643 (  0 FPS)	Shutdown canceled
10:47:25 PM.950 (  0 FPS)	Loaded unsynced record:
{"id":"R-Settings","ownerId":"U-bombitmanbomb","assetUri":"local://cxwphbzdjeal8wj7hzq_ca/xwoCi7qw40-QmYYaGudZsA.lz4bson","globalVersion":495,"localVersion":497,"lastModifyingUserId":"U-bombitmanbomb","lastModifyingMachineId":"cxwphbzdjeal8wj7hzq_ca","name":"Settings","recordType":"object","ownerName":"bombitmanbomb","tags":["settings"],"path":null,"isPublic":false,"isForPatrons":false,"isListed":false,"lastModificationTime":"2020-03-24T17:57:16.528-04:00","creationTime":"2019-02-06T22:15:01.09-05:00","firstPublishTime":null,"visits":0,"rating":0.0,"submissions":null,"neosDBmanifest":[{"hash":"69cc58feace1ac8f2a34e79bfa3cc6ead2448db3a55d37f1d2b3deb6465d67ea","bytes":7154}]}
10:47:25 PM.986 (  0 FPS)	Conflicting cloud record version! Local: 495, Global: 497
10:47:26 PM.449 (  0 FPS)	World Optimized! Deduplicated Materials: 0, Deduplicated Static Providers: 0, Cleaned Up Assets: 0
10:47:26 PM.798 (  0 FPS)	Spawning User Bitman (ID2900)
10:47:26 PM.802 (  0 FPS)	User Bitman Role: Admin, HasFingerTracking: False, HasEyeTracking: False, HasLipTracking: False
10:47:26 PM.867 (  0 FPS)	Conflict. Old Record:

{"id":"R-Home","ownerId":"M-cxwphbzdjeal8wj7hzq_ca","assetUri":"local://cxwphbzdjeal8wj7hzq_ca/tVyJvNbD60ODgzxDw9npXA.lz4bson","globalVersion":0,"localVersion":5,"lastModifyingUserId":"U-bombitmanbomb","lastModifyingMachineId":"cxwphbzdjeal8wj7hzq_ca","name":"Local","recordType":"world","ownerName":null,"tags":[],"path":null,"isPublic":false,"isForPatrons":false,"isListed":false,"lastModificationTime":"2020-03-24T17:57:16.717-04:00","creationTime":"2020-03-13T12:17:57.796-04:00","firstPublishTime":null,"visits":0,"rating":0.0,"submissions":null}

New Record:

{"id":"R-Home","ownerId":"M-cxwphbzdjeal8wj7hzq_ca","assetUri":"local://cxwphbzdjeal8wj7hzq_ca/0R1cSarleEmWvWP-lGm3qQ.lz4bson","globalVersion":0,"localVersion":1,"lastModifyingUserId":"U-bombitmanbomb","lastModifyingMachineId":"cxwphbzdjeal8wj7hzq_ca","name":"Local","recordType":"world","ownerName":null,"tags":[],"path":null,"isPublic":false,"isForPatrons":false,"isListed":false,"lastModificationTime":"2020-05-05T02:47:26.8642143Z","creationTime":"2020-05-05T02:47:26.8642143Z","firstPublishTime":null,"visits":0,"rating":0.0,"submissions":null}
10:47:26 PM.920 (  0 FPS)	Error saving the record! Name: Local. RecordId: M-cxwphbzdjeal8wj7hzq_ca:R-Home. Local: 0, Global: 0

   at void BaseX.UniLog.Error(string message, bool stackTrace)
   at async Task<Record> FrooxEngine.Userspace.SaveWorldTaskIntern(World world, Record record, RecordOwnerTransferer transferer)
   at void System.Runtime.CompilerServices.AsyncMethodBuilderCore+MoveNextRunner.InvokeMoveNext(object stateMachine)
   at void System.Runtime.CompilerServices.AsyncMethodBuilderCore+MoveNextRunner.Run()
   at void BaseX.WorkProcessor.ProcessQueue(ThreadWorker worker, SpinQueue<Action> queue)
   at void BaseX.WorkProcessor.JobWorker(ThreadWorker worker)
   at BaseX.WorkProcessor+ThreadWorker(Worker worker, WorkType targetWorkType, ThreadPriority priority, int index)+() => { }
   at void System.Threading.ThreadHelper.ThreadStart_Context(object state)
   at void System.Threading.ThreadHelper.ThreadStart()
10:47:27 PM.504 (  0 FPS)	Spawning User Bitman (ID2900)
10:47:27 PM.504 (  0 FPS)	User Bitman Role: Admin, HasFingerTracking: False, HasEyeTracking: False, HasLipTracking: False
10:47:27 PM.555 (  1 FPS)	Starting sync for U-bombitmanbomb:R-Settings. Local: 497, Global: 495
10:47:27 PM.560 (  1 FPS)	Finished save world: Local, currently being saved: 0
10:47:28 PM.288 (  2 FPS)	Opening World: neosdb:///d0b4e0dcfaf9ce676d249323ff2b39e8503d0a581cd233a5fcb3aebf5216c757.7zbson

   at void BaseX.UniLog.Log(string message, bool stackTrace)
   at async Task<World> FrooxEngine.Userspace.OpenWorld(WorldStartSettings startInfo)
   at void System.Runtime.CompilerServices.AsyncTaskMethodBuilder<FrooxEngine.World>.Start<<OpenWorld>d__173>(ref <OpenWorld>d__173 stateMachine)
   at Task<World> FrooxEngine.Userspace.OpenWorld(WorldStartSettings startInfo)
   at async Task FrooxEngine.Userspace.OpenHomeOrCreateTask(string ownerId, string ownerName, WorldOrb sourceOrb)
   at void System.Runtime.CompilerServices.AsyncMethodBuilderCore+MoveNextRunner.InvokeMoveNext(object stateMachine)
   at void System.Runtime.CompilerServices.AsyncMethodBuilderCore+MoveNextRunner.Run()
   at void FrooxEngine.ToWorld.OnCompleted(Action continuation)+(object u) => { }
   at int FrooxEngine.CoroutineManager.ExecuteWorldQueue(double deltaTime)
   at bool FrooxEngine.World.RefreshStep()
   at bool FrooxEngine.World.Refresh()
   at void FrooxEngine.WorldManager.UpdateStep(double maxMilliseconds)
   at bool FrooxEngine.WorldManager.RunUpdateLoop(double maxMilliseconds)
   at void FrooxEngine.Engine.UpdateStep(double maxMilliseconds)
   at void FrooxEngine.Engine.RunUpdateLoop(double maxMilliseconds)
   at void FrooxEngineRunner.Update()
10:47:28 PM.590 ( 22 FPS)	Requesting gather for: neosdb:///d0b4e0dcfaf9ce676d249323ff2b39e8503d0a581cd233a5fcb3aebf5216c757.7zbson
10:47:28 PM.595 ( 22 FPS)	Got asset at path: C:/Users/bombitmanbomb/AppData/Local/Temp/Solirax/NeosVR\Cache\9iifdxtf14ynjmc3, loading world
10:47:28 PM.775 ( 22 FPS)	Conflict! Cloud Record: {"id":"R-Settings","ownerId":"U-bombitmanbomb","assetUri":"neosdb:///4f824571427c9f61fcec0836de36690b5dfb7d565ef81f1ce5031acdeae46283.7zbson","globalVersion":497,"localVersion":498,"lastModifyingUserId":"U-bombitmanbomb","lastModifyingMachineId":"-lonreqi8k-b-ukvim_fhq","name":"Settings","recordType":"object","ownerName":"bombitmanbomb","tags":["settings"],"path":null,"isPublic":false,"isForPatrons":false,"isListed":false,"lastModificationTime":"2020-03-31T19:39:46.044433Z","creationTime":"2019-02-06T22:15:01.09-05:00","firstPublishTime":null,"visits":0,"rating":0.0,"submissions":null,"neosDBmanifest":[{"hash":"4f824571427c9f61fcec0836de36690b5dfb7d565ef81f1ce5031acdeae46283","bytes":7128}]}

Local record: {"id":"R-Settings","ownerId":"U-bombitmanbomb","assetUri":"local://cxwphbzdjeal8wj7hzq_ca/xwoCi7qw40-QmYYaGudZsA.lz4bson","globalVersion":495,"localVersion":497,"lastModifyingUserId":"U-bombitmanbomb","lastModifyingMachineId":"cxwphbzdjeal8wj7hzq_ca","name":"Settings","recordType":"object","ownerName":"bombitmanbomb","tags":["settings"],"path":null,"isPublic":false,"isForPatrons":false,"isListed":false,"lastModificationTime":"2020-03-24T17:57:16.528-04:00","creationTime":"2019-02-06T22:15:01.09-05:00","firstPublishTime":null,"visits":0,"rating":0.0,"submissions":null,"neosDBmanifest":[{"hash":"69cc58feace1ac8f2a34e79bfa3cc6ead2448db3a55d37f1d2b3deb6465d67ea","bytes":7154}]}
10:47:28 PM.775 ( 22 FPS)	Forcing synchronization
10:47:28 PM.784 ( 22 FPS)	GatherJob for local://cxwphbzdjeal8wj7hzq_ca/xwoCi7qw40-QmYYaGudZsA.lz4bson FAILED! Reason: Asset owner is host!
10:47:28 PM.787 ( 22 FPS)	Failed sync for U-bombitmanbomb:R-Settings. Local: 497, Global: 497:
Could not locate main asset: local://cxwphbzdjeal8wj7hzq_ca/xwoCi7qw40-QmYYaGudZsA.lz4bson

   at void BaseX.UniLog.Error(string message, bool stackTrace)
   at void FrooxEngine.RecordUploadTask.Fail(string error)
   at async Task FrooxEngine.RecordUploadTask.RunUploadInternal(CancellationToken cancelationToken)
   at void System.Runtime.CompilerServices.AsyncMethodBuilderCore+MoveNextRunner.InvokeMoveNext(object stateMachine)
   at void System.Runtime.CompilerServices.AsyncMethodBuilderCore+MoveNextRunner.Run()
   at void System.Threading.Tasks.AwaitTaskContinuation.System.Threading.IThreadPoolWorkItem.ExecuteWorkItem()
   at bool System.Threading.ThreadPoolWorkQueue.Dispatch()
   at bool System.Threading._ThreadPoolWaitCallback.PerformWaitCallback()
10:47:28 PM.872 ( 22 FPS)	Shutdown requested
10:47:28 PM.872 ( 22 FPS)	Shutting down
10:47:28 PM.936 ( 22 FPS)	Requesting environment shutdown
10:47:28 PM.943 ( 22 FPS)	Shutting down environment
10:47:29 PM.104 ( 22 FPS)	Saving Settings
