10:36:00 PM.084 ( -1 FPS)	Autodetected: Screen
10:36:00 PM.088 ( -1 FPS)	Platform: WindowsPlayer, loaded VR device: Loaded device name: , StereoRenderingMode: MultiPass
10:36:00 PM.672 (  0 FPS)	Initializing Neos: Beta 2020.5.4.1227, Processor Count: 8, Max GC Generation: 0, IsLittleEndian: True, HeadDevice: Screen
10:36:00 PM.672 (  0 FPS)	5.11.0 (Visual Studio built mono)
10:36:00 PM.672 (  0 FPS)	Argument: F:\SteamLibrary\steamapps\common\NeosVR\Neos.exe
10:36:00 PM.685 (  0 FPS)	Compatibility Hash: xY1UOwC3K2o+70FP/vw9dw==
10:36:01 PM.306 (  0 FPS)	FreeImage Version: 3.18.0
10:36:01 PM.306 (  0 FPS)	FreeType Version: 2.10.0
10:36:02 PM.485 (  0 FPS)		Reading settings file
10:36:02 PM.508 (  0 FPS)		Performing version checks and updates, loaded version: 6
10:36:02 PM.510 (  0 FPS)	MachineID: cxwphbzdjeal8wj7hzq_ca
10:36:02 PM.688 (  0 FPS)		Configuring LiteDB database
10:36:02 PM.775 (  0 FPS)	Saving Settings
10:36:02 PM.842 (  0 FPS)	Graphics Device Type: Direct3D11
10:36:02 PM.871 (  0 FPS)	AudioSystem SampleRate: 48000, BufferLength: 1024, NumBuffers: 4
10:36:03 PM.012 (  0 FPS)	Executable: F:\SteamLibrary\steamapps\common\NeosVR\RuntimeData\Neosmon\NeosmonServer.exe
10:36:03 PM.227 (  0 FPS)	Local User SteamID: 76561198084108249
10:36:03 PM.228 (  0 FPS)	SteamAPI initialized
10:36:03 PM.260 (  0 FPS)	Supported network protocols: lnl-nat, lnl, neos-steam
10:36:03 PM.260 (  0 FPS)	FrooxEngine Initialized in 2588.3396 ms
10:36:03 PM.267 (  0 FPS)	Initializing CSCore Audio Input Driver
10:36:03 PM.290 (  0 FPS)	Initialized Audio Input MMDevice CABLE Output (VB-Audio Virtual Cable), ID: {0.0.1.00000000}.{27aa08a5-11b4-4a87-9284-b84ea1380e43}, Format: ChannelsAvailable: 2|SampleRate: 44100|Bps: 264600|BlockAlign: 6|BitsPerSample: 24|Encoding: Extensible|SubFormat: 00000001-0000-0010-8000-00aa00389b71|ChannelMask: SpeakerFrontLeft, SpeakerFrontRight
10:36:03 PM.290 (  0 FPS)	Initialized Audio Input MMDevice Microphone (Virtual Desktop Audio), ID: {0.0.1.00000000}.{3df72788-e632-4225-8dac-a1cbe867f8f3}, Format: ChannelsAvailable: 1|SampleRate: 44100|Bps: 88200|BlockAlign: 2|BitsPerSample: 16|Encoding: Extensible|SubFormat: 00000001-0000-0010-8000-00aa00389b71|ChannelMask: SpeakerFrontCenter
10:36:03 PM.290 (  0 FPS)	Initialized Audio Input MMDevice Microphone (Steam Streaming Microphone), ID: {0.0.1.00000000}.{498e1399-049d-464a-a7e7-971379ec3d9e}, Format: ChannelsAvailable: 1|SampleRate: 44100|Bps: 88200|BlockAlign: 2|BitsPerSample: 16|Encoding: Extensible|SubFormat: 00000001-0000-0010-8000-00aa00389b71|ChannelMask: SpeakerFrontCenter
10:36:03 PM.290 (  0 FPS)	Initialized Audio Input MMDevice VoiceMeeter Output (VB-Audio VoiceMeeter VAIO), ID: {0.0.1.00000000}.{4fcdd9da-b9a9-429e-8f60-5e5fd382751e}, Format: ChannelsAvailable: 2|SampleRate: 44100|Bps: 264600|BlockAlign: 6|BitsPerSample: 24|Encoding: Extensible|SubFormat: 00000001-0000-0010-8000-00aa00389b71|ChannelMask: SpeakerFrontLeft, SpeakerFrontRight
10:36:03 PM.291 (  0 FPS)	Initialized Audio Input MMDevice VoiceMeeter Aux Output (VB-Audio VoiceMeeter AUX VAIO), ID: {0.0.1.00000000}.{8510075a-d1c4-45e5-9925-a7e5cb05d31d}, Format: ChannelsAvailable: 2|SampleRate: 44100|Bps: 264600|BlockAlign: 6|BitsPerSample: 24|Encoding: Extensible|SubFormat: 00000001-0000-0010-8000-00aa00389b71|ChannelMask: SpeakerFrontLeft, SpeakerFrontRight
10:36:03 PM.291 (  0 FPS)	Initialized Audio Input MMDevice Microphone (2- Razer Kiyo), ID: {0.0.1.00000000}.{909d5b2a-85a4-49fb-a679-6b0af3a943a3}, Format: ChannelsAvailable: 2|SampleRate: 16000|Bps: 64000|BlockAlign: 4|BitsPerSample: 16|Encoding: Extensible|SubFormat: 00000001-0000-0010-8000-00aa00389b71|ChannelMask: SpeakerFrontLeft, SpeakerFrontRight
10:36:03 PM.291 (  0 FPS)	Initialized Audio Input MMDevice Microphone (Razer Seiren X), ID: {0.0.1.00000000}.{a073827b-d5fb-4e4a-9dd8-4a8555616689}, Format: ChannelsAvailable: 2|SampleRate: 44100|Bps: 176400|BlockAlign: 4|BitsPerSample: 16|Encoding: Extensible|SubFormat: 00000001-0000-0010-8000-00aa00389b71|ChannelMask: SpeakerFrontLeft, SpeakerFrontRight
10:36:03 PM.726 (  0 FPS)	Starting running world: 
10:36:03 PM.806 (  0 FPS)	Parsing Config.json file
10:36:03 PM.810 (  0 FPS)	Excepting parsing the config file: System.IO.FileNotFoundException: Could not find file "D:\Documents\GitHub\PolyLogiX-Launcher\polylogix-launcher\Config.json"
File name: 'D:\Documents\GitHub\PolyLogiX-Launcher\polylogix-launcher\Config.json'
  at System.IO.FileStream..ctor (System.String path, System.IO.FileMode mode, System.IO.FileAccess access, System.IO.FileShare share, System.Int32 bufferSize, System.Boolean anonymous, System.IO.FileOptions options) [0x0019e] in <437ba245d8404784b9fbab9b439ac908>:0 
  at System.IO.FileStream..ctor (System.String path, System.IO.FileMode mode, System.IO.FileAccess access, System.IO.FileShare share, System.Int32 bufferSize, System.IO.FileOptions options, System.String msgPath, System.Boolean bFromProxy, System.Boolean useLongPath, System.Boolean checkHost) [0x00000] in <437ba245d8404784b9fbab9b439ac908>:0 
  at (wrapper remoting-invoke-with-check) System.IO.FileStream..ctor(string,System.IO.FileMode,System.IO.FileAccess,System.IO.FileShare,int,System.IO.FileOptions,string,bool,bool,bool)
  at System.IO.StreamReader..ctor (System.String path, System.Text.Encoding encoding, System.Boolean detectEncodingFromByteOrderMarks, System.Int32 bufferSize, System.Boolean checkHost) [0x00067] in <437ba245d8404784b9fbab9b439ac908>:0 
  at System.IO.StreamReader..ctor (System.String path, System.Text.Encoding encoding, System.Boolean detectEncodingFromByteOrderMarks, System.Int32 bufferSize) [0x00000] in <437ba245d8404784b9fbab9b439ac908>:0 
  at System.IO.StreamReader..ctor (System.String path, System.Boolean detectEncodingFromByteOrderMarks) [0x0000d] in <437ba245d8404784b9fbab9b439ac908>:0 
  at System.IO.StreamReader..ctor (System.String path) [0x00000] in <437ba245d8404784b9fbab9b439ac908>:0 
  at (wrapper remoting-invoke-with-check) System.IO.StreamReader..ctor(string)
  at System.IO.File.ReadAllText (System.String path) [0x00000] in <437ba245d8404784b9fbab9b439ac908>:0 
  at FrooxEngine.Userspace.OnAttach () [0x00057] in <1521eeb89d5747d39755fd3f393d38f4>:0 
10:36:03 PM.810 (  0 FPS)	Running default bootstrap
10:36:05 PM.199 (  0 FPS)	User Bitman Role: Admin, HasFingerTracking: False, HasEyeTracking: False, HasLipTracking: False
10:36:05 PM.532 (  0 FPS)	Has LeftTool: False, Has RightTool: False
10:36:05 PM.540 (  0 FPS)	Setting URL: local://cxwphbzdjeal8wj7hzq_ca/m-4uK2kM70i04HrlCZT2Kw.lz4bson
10:36:05 PM.818 (  0 FPS)	Local Home file not found, creating a new one. Fetched homeUrl: local://cxwphbzdjeal8wj7hzq_ca/tVyJvNbD60ODgzxDw9npXA.lz4bson, record: {"id":"R-Home","ownerId":"M-cxwphbzdjeal8wj7hzq_ca","assetUri":"local://cxwphbzdjeal8wj7hzq_ca/tVyJvNbD60ODgzxDw9npXA.lz4bson","globalVersion":0,"localVersion":5,"lastModifyingUserId":"U-bombitmanbomb","lastModifyingMachineId":"cxwphbzdjeal8wj7hzq_ca","name":"Local","description":null,"recordType":"world","ownerName":null,"tags":[],"path":null,"thumbnailUri":null,"isPublic":false,"isForPatrons":false,"isListed":false,"lastModificationTime":"2020-03-24T17:57:16.717-04:00","rootRecordId":null,"creationTime":"2020-03-13T12:17:57.796-04:00","firstPublishTime":null,"visits":0,"rating":0,"submissions":null,"neosDBmanifest":null,"IsValidOwnerId":true,"IsValidRecordId":true}
10:36:05 PM.823 (  0 FPS)	NetworkInitStart
10:36:05 PM.829 (  0 FPS)	Creating Listener for host SteamID 76561198084108249, channel: 0, sessionId: 2c95481c-a424-40d0-b72c-31d5b0823a8e
10:36:05 PM.834 (  0 FPS)	Starting running world: 
10:36:07 PM.502 (  0 FPS)	Loaded unsynced record:
{"id":"R-Settings","ownerId":"U-bombitmanbomb","assetUri":"local://cxwphbzdjeal8wj7hzq_ca/xwoCi7qw40-QmYYaGudZsA.lz4bson","globalVersion":495,"localVersion":497,"lastModifyingUserId":"U-bombitmanbomb","lastModifyingMachineId":"cxwphbzdjeal8wj7hzq_ca","name":"Settings","recordType":"object","ownerName":"bombitmanbomb","tags":["settings"],"path":null,"isPublic":false,"isForPatrons":false,"isListed":false,"lastModificationTime":"2020-03-24T17:57:16.528-04:00","creationTime":"2019-02-06T22:15:01.09-05:00","firstPublishTime":null,"visits":0,"rating":0.0,"submissions":null,"neosDBmanifest":[{"hash":"69cc58feace1ac8f2a34e79bfa3cc6ead2448db3a55d37f1d2b3deb6465d67ea","bytes":7154}]}
10:36:07 PM.801 (  0 FPS)	Conflicting cloud record version! Local: 495, Global: 497
10:36:08 PM.108 (  0 FPS)	Spawning User Bitman (ID2900)
10:36:08 PM.112 (  0 FPS)	User Bitman Role: Admin, HasFingerTracking: False, HasEyeTracking: False, HasLipTracking: False
10:36:08 PM.895 (  1 FPS)	Starting sync for U-bombitmanbomb:R-Settings. Local: 497, Global: 495
10:36:08 PM.947 (  1 FPS)	Opening World: neosdb:///d0b4e0dcfaf9ce676d249323ff2b39e8503d0a581cd233a5fcb3aebf5216c757.7zbson

   at void BaseX.UniLog.Log(string message, bool stackTrace)
   at async Task<World> FrooxEngine.Userspace.OpenWorld(WorldStartSettings startInfo)
   at void System.Runtime.CompilerServices.AsyncTaskMethodBuilder<FrooxEngine.World>.Start<<OpenWorld>d__173>(ref <OpenWorld>d__173 stateMachine)
   at Task<World> FrooxEngine.Userspace.OpenWorld(WorldStartSettings startInfo)
   at async Task FrooxEngine.Userspace.OpenHomeOrCreateTask(string ownerId, string ownerName, WorldOrb sourceOrb)
   at void System.Runtime.CompilerServices.AsyncMethodBuilderCore+MoveNextRunner.InvokeMoveNext(object stateMachine)
   at void System.Runtime.CompilerServices.AsyncMethodBuilderCore+MoveNextRunner.Run()
   at void FrooxEngine.ToWorld.OnCompleted(Action continuation)+(object u) => { }
   at int FrooxEngine.CoroutineManager.ExecuteWorldQueue(double deltaTime)
   at bool FrooxEngine.World.RefreshStep()
   at bool FrooxEngine.World.Refresh()
   at void FrooxEngine.WorldManager.UpdateStep(double maxMilliseconds)
   at bool FrooxEngine.WorldManager.RunUpdateLoop(double maxMilliseconds)
   at void FrooxEngine.Engine.UpdateStep(double maxMilliseconds)
   at void FrooxEngine.Engine.RunUpdateLoop(double maxMilliseconds)
   at void FrooxEngineRunner.Update()
10:36:08 PM.952 (  1 FPS)	Conflict! Cloud Record: {"id":"R-Settings","ownerId":"U-bombitmanbomb","assetUri":"neosdb:///4f824571427c9f61fcec0836de36690b5dfb7d565ef81f1ce5031acdeae46283.7zbson","globalVersion":497,"localVersion":498,"lastModifyingUserId":"U-bombitmanbomb","lastModifyingMachineId":"-lonreqi8k-b-ukvim_fhq","name":"Settings","recordType":"object","ownerName":"bombitmanbomb","tags":["settings"],"path":null,"isPublic":false,"isForPatrons":false,"isListed":false,"lastModificationTime":"2020-03-31T19:39:46.044433Z","creationTime":"2019-02-06T22:15:01.09-05:00","firstPublishTime":null,"visits":0,"rating":0.0,"submissions":null,"neosDBmanifest":[{"hash":"4f824571427c9f61fcec0836de36690b5dfb7d565ef81f1ce5031acdeae46283","bytes":7128}]}

Local record: {"id":"R-Settings","ownerId":"U-bombitmanbomb","assetUri":"local://cxwphbzdjeal8wj7hzq_ca/xwoCi7qw40-QmYYaGudZsA.lz4bson","globalVersion":495,"localVersion":497,"lastModifyingUserId":"U-bombitmanbomb","lastModifyingMachineId":"cxwphbzdjeal8wj7hzq_ca","name":"Settings","recordType":"object","ownerName":"bombitmanbomb","tags":["settings"],"path":null,"isPublic":false,"isForPatrons":false,"isListed":false,"lastModificationTime":"2020-03-24T17:57:16.528-04:00","creationTime":"2019-02-06T22:15:01.09-05:00","firstPublishTime":null,"visits":0,"rating":0.0,"submissions":null,"neosDBmanifest":[{"hash":"69cc58feace1ac8f2a34e79bfa3cc6ead2448db3a55d37f1d2b3deb6465d67ea","bytes":7154}]}
10:36:08 PM.952 (  1 FPS)	Forcing synchronization
10:36:08 PM.956 (  1 FPS)	GatherJob for local://cxwphbzdjeal8wj7hzq_ca/xwoCi7qw40-QmYYaGudZsA.lz4bson FAILED! Reason: Asset owner is host!
10:36:08 PM.962 (  1 FPS)	Requesting gather for: neosdb:///d0b4e0dcfaf9ce676d249323ff2b39e8503d0a581cd233a5fcb3aebf5216c757.7zbson
10:36:08 PM.964 (  1 FPS)	Got asset at path: C:/Users/bombitmanbomb/AppData/Local/Temp/Solirax/NeosVR\Cache\9iifdxtf14ynjmc3, loading world
10:36:08 PM.990 (  1 FPS)	Failed sync for U-bombitmanbomb:R-Settings. Local: 497, Global: 497:
Could not locate main asset: local://cxwphbzdjeal8wj7hzq_ca/xwoCi7qw40-QmYYaGudZsA.lz4bson

   at void BaseX.UniLog.Error(string message, bool stackTrace)
   at void FrooxEngine.RecordUploadTask.Fail(string error)
   at async Task FrooxEngine.RecordUploadTask.RunUploadInternal(CancellationToken cancelationToken)
   at void System.Runtime.CompilerServices.AsyncMethodBuilderCore+MoveNextRunner.InvokeMoveNext(object stateMachine)
   at void System.Runtime.CompilerServices.AsyncMethodBuilderCore+MoveNextRunner.Run()
   at void System.Threading.Tasks.AwaitTaskContinuation.RunOrScheduleAction(Action action, bool allowInlining, ref Task currentTask)
   at void System.Threading.Tasks.Task.FinishContinuations()
   at void System.Threading.Tasks.Task.FinishStageThree()
   at bool System.Threading.Tasks.Task<CloudX.Shared.CloudResult<FrooxEngine.Record>>.TrySetResult(CloudResult<Record> result)
   at void System.Runtime.CompilerServices.AsyncTaskMethodBuilder<CloudX.Shared.CloudResult<FrooxEngine.Record>>.SetResult(CloudResult<Record> result)
   at async void CloudX.Shared.CloudXInterface+<RunRequest>d__166<FrooxEngine.Record>.MoveNext()
   at void System.Runtime.CompilerServices.AsyncMethodBuilderCore+MoveNextRunner.InvokeMoveNext(object stateMachine)
   at void System.Runtime.CompilerServices.AsyncMethodBuilderCore+MoveNextRunner.Run()
   at void System.Threading.Tasks.AwaitTaskContinuation.RunOrScheduleAction(Action action, bool allowInlining, ref Task currentTask)
   at void System.Threading.Tasks.Task.FinishContinuations()
   at void System.Threading.Tasks.Task.FinishStageThree()
   at bool System.Threading.Tasks.Task<System.Net.Http.HttpResponseMessage>.TrySetResult(HttpResponseMessage result)
   at void System.Runtime.CompilerServices.AsyncTaskMethodBuilder<System.Net.Http.HttpResponseMessage>.SetResult(HttpResponseMessage result)
   at async Task<HttpResponseMessage> System.Net.Http.HttpClient.SendAsyncWorker(HttpRequestMessage request, HttpCompletionOption completionOption, CancellationToken cancellationToken)
   at void System.Runtime.CompilerServices.AsyncMethodBuilderCore+MoveNextRunner.InvokeMoveNext(object stateMachine)
   at void System.Runtime.CompilerServices.AsyncMethodBuilderCore+MoveNextRunner.Run()
   at void System.Threading.Tasks.AwaitTaskContinuation.RunOrScheduleAction(Action action, bool allowInlining, ref Task currentTask)
   at void System.Threading.Tasks.Task.FinishContinuations()
   at void System.Threading.Tasks.Task.FinishStageThree()
   at bool System.Threading.Tasks.Task<System.Threading.Tasks.VoidTaskResult>.TrySetResult(VoidTaskResult result)
   at void System.Runtime.CompilerServices.AsyncTaskMethodBuilder<System.Threading.Tasks.VoidTaskResult>.SetResult(VoidTaskResult result)
   at void System.Runtime.CompilerServices.AsyncTaskMethodBuilder<System.Threading.Tasks.VoidTaskResult>.SetResult(Task<VoidTaskResult> completedTask)
   at void System.Runtime.CompilerServices.AsyncTaskMethodBuilder.SetResult()
   at async Task System.Net.Http.HttpContent.LoadIntoBufferAsync(long maxBufferSize)
   at void System.Runtime.CompilerServices.AsyncMethodBuilderCore+MoveNextRunner.InvokeMoveNext(object stateMachine)
   at void System.Runtime.CompilerServices.AsyncMethodBuilderCore+MoveNextRunner.Run()
   at void System.Threading.Tasks.AwaitTaskContinuation.RunOrScheduleAction(Action action, bool allowInlining, ref Task currentTask)
   at void System.Threading.Tasks.Task.FinishContinuations()
   at void System.Threading.Tasks.Task.FinishStageThree()
   at bool System.Threading.Tasks.Task<System.Threading.Tasks.VoidTaskResult>.TrySetResult(VoidTaskResult result)
   at void System.Runtime.CompilerServices.AsyncTaskMethodBuilder<System.Threading.Tasks.VoidTaskResult>.SetResult(VoidTaskResult result)
   at void System.Runtime.CompilerServices.AsyncTaskMethodBuilder<System.Threading.Tasks.VoidTaskResult>.SetResult(Task<VoidTaskResult> completedTask)
   at void System.Runtime.CompilerServices.AsyncTaskMethodBuilder.SetResult()
   at async Task System.IO.Stream.CopyToAsyncInternal(Stream destination, int bufferSize, CancellationToken cancellationToken)
   at void System.Runtime.CompilerServices.AsyncMethodBuilderCore+MoveNextRunner.InvokeMoveNext(object stateMachine)
   at void System.Runtime.CompilerServices.AsyncMethodBuilderCore+MoveNextRunner.Run()
   at void System.Threading.Tasks.AwaitTaskContinuation.RunOrScheduleAction(Action action, bool allowInlining, ref Task currentTask)
   at void System.Threading.Tasks.Task.FinishContinuations()
   at void System.Threading.Tasks.Task.FinishStageThree()
   at bool System.Threading.Tasks.Task<int>.TrySetResult(int result)
   at void System.Threading.Tasks.TaskFactory<int>+FromAsyncTrimPromise<System.IO.Stream>.Complete(Stream thisRef, Func<Stream, IAsyncResult, int> endMethod, IAsyncResult asyncResult, bool requiresSynchronization)
   at void System.Threading.Tasks.TaskFactory<int>+FromAsyncTrimPromise<System.IO.Stream>.CompleteFromAsyncResult(IAsyncResult asyncResult)
   at System.Net.SimpleAsyncResult(AsyncCallback cb, object state)+(SimpleAsyncResult result) => { }
   at void System.Net.SimpleAsyncResult.DoCallback_internal()
   at void System.Net.WebAsyncResult.DoCallback()
   at void System.Net.WebConnectionStream.ReadCallbackWrapper(IAsyncResult r)
   at void System.Threading.Tasks.TaskToApm.InvokeCallbackWhenTaskCompletes(Task antecedent, AsyncCallback callback, IAsyncResult asyncResult)+() => { }
   at void System.Threading.Tasks.AwaitTaskContinuation.InvokeAction(object state)
   at void System.Threading.Tasks.AwaitTaskContinuation.RunCallback(ContextCallback callback, object state, ref Task currentTask)
   at void System.Threading.Tasks.AwaitTaskContinuation.Run(Task task, bool canInlineContinuationTask)
   at void System.Threading.Tasks.Task.FinishContinuations()
   at void System.Threading.Tasks.Task.FinishStageThree()
   at bool System.Threading.Tasks.Task<int>.TrySetResult(int result)
   at void System.Runtime.CompilerServices.AsyncTaskMethodBuilder<int>.SetResult(int result)
   at async Task<int> Mono.Net.Security.MobileAuthenticatedStream.StartOperation(OperationType type, AsyncProtocolRequest asyncRequest, CancellationToken cancellationToken)
   at void System.Runtime.CompilerServices.AsyncMethodBuilderCore+MoveNextRunner.InvokeMoveNext(object stateMachine)
   at void System.Runtime.CompilerServices.AsyncMethodBuilderCore+MoveNextRunner.Run()
   at void System.Threading.Tasks.AwaitTaskContinuation.RunOrScheduleAction(Action action, bool allowInlining, ref Task currentTask)
   at void System.Threading.Tasks.Task.FinishContinuations()
   at void System.Threading.Tasks.Task.FinishStageThree()
   at bool System.Threading.Tasks.Task<Mono.Net.Security.AsyncProtocolResult>.TrySetResult(AsyncProtocolResult result)
   at void System.Runtime.CompilerServices.AsyncTaskMethodBuilder<Mono.Net.Security.AsyncProtocolResult>.SetResult(AsyncProtocolResult result)
   at async Task<AsyncProtocolResult> Mono.Net.Security.AsyncProtocolRequest.StartOperation(CancellationToken cancellationToken)
   at void System.Runtime.CompilerServices.AsyncMethodBuilderCore+MoveNextRunner.InvokeMoveNext(object stateMachine)
   at void System.Runtime.CompilerServices.AsyncMethodBuilderCore+MoveNextRunner.Run()
   at void System.Threading.Tasks.AwaitTaskContinuation.RunOrScheduleAction(Action action, bool allowInlining, ref Task currentTask)
   at void System.Threading.Tasks.Task.FinishContinuations()
   at void System.Threading.Tasks.Task.FinishStageThree()
   at bool System.Threading.Tasks.Task<System.Threading.Tasks.VoidTaskResult>.TrySetResult(VoidTaskResult result)
   at void System.Runtime.CompilerServices.AsyncTaskMethodBuilder<System.Threading.Tasks.VoidTaskResult>.SetResult(VoidTaskResult result)
   at void System.Runtime.CompilerServices.AsyncTaskMethodBuilder<System.Threading.Tasks.VoidTaskResult>.SetResult(Task<VoidTaskResult> completedTask)
   at void System.Runtime.CompilerServices.AsyncTaskMethodBuilder.SetResult()
   at async Task Mono.Net.Security.AsyncProtocolRequest.ProcessOperation(CancellationToken cancellationToken)
   at void System.Runtime.CompilerServices.AsyncMethodBuilderCore+MoveNextRunner.InvokeMoveNext(object stateMachine)
   at void System.Runtime.CompilerServices.AsyncMethodBuilderCore+MoveNextRunner.Run()
   at void System.Threading.Tasks.AwaitTaskContinuation.RunOrScheduleAction(Action action, bool allowInlining, ref Task currentTask)
   at void System.Threading.Tasks.Task.FinishContinuations()
   at void System.Threading.Tasks.Task.FinishStageThree()
   at bool System.Threading.Tasks.Task<System.Nullable<int>>.TrySetResult(Nullable<int> result)
   at void System.Runtime.CompilerServices.AsyncTaskMethodBuilder<System.Nullable<int>>.SetResult(Nullable<int> result)
   at async Task<Nullable<int>> Mono.Net.Security.AsyncProtocolRequest.InnerRead(CancellationToken cancellationToken)
   at void System.Runtime.CompilerServices.AsyncMethodBuilderCore+MoveNextRunner.InvokeMoveNext(object stateMachine)
   at void System.Runtime.CompilerServices.AsyncMethodBuilderCore+MoveNextRunner.Run()
   at void System.Threading.Tasks.AwaitTaskContinuation.RunOrScheduleAction(Action action, bool allowInlining, ref Task currentTask)
   at void System.Threading.Tasks.Task.FinishContinuations()
   at void System.Threading.Tasks.Task.FinishStageThree()
   at bool System.Threading.Tasks.Task<int>.TrySetResult(int result)
   at void System.Runtime.CompilerServices.AsyncTaskMethodBuilder<int>.SetResult(int result)
   at async Task<int> Mono.Net.Security.MobileAuthenticatedStream.InnerRead(bool sync, int requestedSize, CancellationToken cancellationToken)
   at void System.Runtime.CompilerServices.AsyncMethodBuilderCore+MoveNextRunner.InvokeMoveNext(object stateMachine)
   at void System.Runtime.CompilerServices.AsyncMethodBuilderCore+MoveNextRunner.Run()
   at void System.Threading.Tasks.AwaitTaskContinuation.RunOrScheduleAction(Action action, bool allowInlining, ref Task currentTask)
   at void System.Threading.Tasks.Task.FinishContinuations()
   at void System.Threading.Tasks.Task.FinishStageThree()
   at bool System.Threading.Tasks.Task<int>.TrySetResult(int result)
   at void System.Threading.Tasks.TaskFactory<int>+FromAsyncTrimPromise<System.IO.Stream>.Complete(Stream thisRef, Func<Stream, IAsyncResult, int> endMethod, IAsyncResult asyncResult, bool requiresSynchronization)
   at void System.Threading.Tasks.TaskFactory<int>+FromAsyncTrimPromise<System.IO.Stream>.CompleteFromAsyncResult(IAsyncResult asyncResult)
   at void System.Net.Sockets.SocketAsyncResult.Complete()+(object state) => { }
   at void System.Threading.QueueUserWorkItemCallback.System.Threading.IThreadPoolWorkItem.ExecuteWorkItem()
   at bool System.Threading.ThreadPoolWorkQueue.Dispatch()
   at bool System.Threading._ThreadPoolWaitCallback.PerformWaitCallback()
10:36:09 PM.646 (  1 FPS)	NetworkInitStart
10:36:09 PM.647 (  1 FPS)	Creating Listener for host SteamID 76561198084108249, channel: 1, sessionId: fc5b818f-1f84-4dd0-a7d4-f88663b73004
10:36:09 PM.648 (  1 FPS)	Starting running world: 
10:36:10 PM.671 (  1 FPS)	Missing method PackPressed (FrooxEngine.ButtonEventHandler on Element: ID218200, Type: FrooxEngine.LogiX.LogixInterfaceProxy, World: Home, IsRemoved: False, IsDestroyed: False, Enabled: True
Element: ID214900, Type: FrooxEngine.Slot, World: Home, IsRemoved: False, Slot name: Points, T: [-0.4226127; 0.1634657; 1.00816], R: [-0.4547468; -0.2417773; 0.6198046; 0.5921077], S: [0; 0; 0], ActiveSelf: True, IsDestroyed: False
Element: ID1E00, Type: FrooxEngine.Slot, World: Home, IsRemoved: False, Slot name: Root, T: [0; 0; 0], R: [0; 0; 0; 1], S: [1; 1; 1], ActiveSelf: True, IsDestroyed: False
Element: ID0, Type: FrooxEngine.World, World: Home, IsRemoved: False

10:36:11 PM.586 (  1 FPS)	Missing method ResetPosition (FrooxEngine.ButtonEventHandler on Element: ID6F9900, Type: FrooxEngine.UnresolvedReferences+UnresolvedReference, World: Home, IsRemoved: False, Name: [28]
Element: ID6F6000, Type: FrooxEngine.SyncList`1[FrooxEngine.UnresolvedReferences+UnresolvedReference], World: Home, IsRemoved: False, Name: References, Disposed: False
Element: ID6F5C00, Type: FrooxEngine.UnresolvedReferences, World: Home, IsRemoved: False, IsDestroyed: False, Enabled: True
Element: ID1E00, Type: FrooxEngine.Slot, World: Home, IsRemoved: False, Slot name: Root, T: [0; 0; 0], R: [0; 0; 0; 1], S: [1; 1; 1], ActiveSelf: True, IsDestroyed: False
Element: ID0, Type: FrooxEngine.World, World: Home, IsRemoved: False

10:36:11 PM.586 (  1 FPS)	Missing method ResetRotation (FrooxEngine.ButtonEventHandler on Element: ID6F9900, Type: FrooxEngine.UnresolvedReferences+UnresolvedReference, World: Home, IsRemoved: False, Name: [28]
Element: ID6F6000, Type: FrooxEngine.SyncList`1[FrooxEngine.UnresolvedReferences+UnresolvedReference], World: Home, IsRemoved: False, Name: References, Disposed: False
Element: ID6F5C00, Type: FrooxEngine.UnresolvedReferences, World: Home, IsRemoved: False, IsDestroyed: False, Enabled: True
Element: ID1E00, Type: FrooxEngine.Slot, World: Home, IsRemoved: False, Slot name: Root, T: [0; 0; 0], R: [0; 0; 0; 1], S: [1; 1; 1], ActiveSelf: True, IsDestroyed: False
Element: ID0, Type: FrooxEngine.World, World: Home, IsRemoved: False

10:36:11 PM.586 (  1 FPS)	Missing method ResetScale (FrooxEngine.ButtonEventHandler on Element: ID6F9900, Type: FrooxEngine.UnresolvedReferences+UnresolvedReference, World: Home, IsRemoved: False, Name: [28]
Element: ID6F6000, Type: FrooxEngine.SyncList`1[FrooxEngine.UnresolvedReferences+UnresolvedReference], World: Home, IsRemoved: False, Name: References, Disposed: False
Element: ID6F5C00, Type: FrooxEngine.UnresolvedReferences, World: Home, IsRemoved: False, IsDestroyed: False, Enabled: True
Element: ID1E00, Type: FrooxEngine.Slot, World: Home, IsRemoved: False, Slot name: Root, T: [0; 0; 0], R: [0; 0; 0; 1], S: [1; 1; 1], ActiveSelf: True, IsDestroyed: False
Element: ID0, Type: FrooxEngine.World, World: Home, IsRemoved: False

10:36:11 PM.587 (  1 FPS)	Missing method OnCreatePivotAtCenter (FrooxEngine.ButtonEventHandler on Element: ID6F9900, Type: FrooxEngine.UnresolvedReferences+UnresolvedReference, World: Home, IsRemoved: False, Name: [28]
Element: ID6F6000, Type: FrooxEngine.SyncList`1[FrooxEngine.UnresolvedReferences+UnresolvedReference], World: Home, IsRemoved: False, Name: References, Disposed: False
Element: ID6F5C00, Type: FrooxEngine.UnresolvedReferences, World: Home, IsRemoved: False, IsDestroyed: False, Enabled: True
Element: ID1E00, Type: FrooxEngine.Slot, World: Home, IsRemoved: False, Slot name: Root, T: [0; 0; 0], R: [0; 0; 0; 1], S: [1; 1; 1], ActiveSelf: True, IsDestroyed: False
Element: ID0, Type: FrooxEngine.World, World: Home, IsRemoved: False

10:36:11 PM.587 (  1 FPS)	Missing method JumpTo (FrooxEngine.ButtonEventHandler on Element: ID6F9900, Type: FrooxEngine.UnresolvedReferences+UnresolvedReference, World: Home, IsRemoved: False, Name: [28]
Element: ID6F6000, Type: FrooxEngine.SyncList`1[FrooxEngine.UnresolvedReferences+UnresolvedReference], World: Home, IsRemoved: False, Name: References, Disposed: False
Element: ID6F5C00, Type: FrooxEngine.UnresolvedReferences, World: Home, IsRemoved: False, IsDestroyed: False, Enabled: True
Element: ID1E00, Type: FrooxEngine.Slot, World: Home, IsRemoved: False, Slot name: Root, T: [0; 0; 0], R: [0; 0; 0; 1], S: [1; 1; 1], ActiveSelf: True, IsDestroyed: False
Element: ID0, Type: FrooxEngine.World, World: Home, IsRemoved: False

10:36:11 PM.587 (  1 FPS)	Missing method ParentUnderWorldRoot (FrooxEngine.ButtonEventHandler on Element: ID6F9900, Type: FrooxEngine.UnresolvedReferences+UnresolvedReference, World: Home, IsRemoved: False, Name: [28]
Element: ID6F6000, Type: FrooxEngine.SyncList`1[FrooxEngine.UnresolvedReferences+UnresolvedReference], World: Home, IsRemoved: False, Name: References, Disposed: False
Element: ID6F5C00, Type: FrooxEngine.UnresolvedReferences, World: Home, IsRemoved: False, IsDestroyed: False, Enabled: True
Element: ID1E00, Type: FrooxEngine.Slot, World: Home, IsRemoved: False, Slot name: Root, T: [0; 0; 0], R: [0; 0; 0; 1], S: [1; 1; 1], ActiveSelf: True, IsDestroyed: False
Element: ID0, Type: FrooxEngine.World, World: Home, IsRemoved: False

10:36:11 PM.588 (  1 FPS)	Unresolved count: 39, Processed in: 00:00:00.0065714
10:36:11 PM.588 (  1 FPS)	World Home Loaded in: 00:00:01.7906337
10:36:11 PM.603 (  1 FPS)	Spawning User bombitmanbomb (ID2900)
10:36:11 PM.603 (  1 FPS)	User bombitmanbomb Role: Admin, HasFingerTracking: False, HasEyeTracking: False, HasLipTracking: False
10:36:15 PM.564 (138 FPS)	Exiting Neos. Save Homes: False
10:36:15 PM.638 (138 FPS)	Conflict. Old Record:

{"id":"R-Settings","ownerId":"U-bombitmanbomb","assetUri":"local://cxwphbzdjeal8wj7hzq_ca/xwoCi7qw40-QmYYaGudZsA.lz4bson","globalVersion":495,"localVersion":497,"lastModifyingUserId":"U-bombitmanbomb","lastModifyingMachineId":"cxwphbzdjeal8wj7hzq_ca","name":"Settings","recordType":"object","ownerName":"bombitmanbomb","tags":["settings"],"path":null,"isPublic":false,"isForPatrons":false,"isListed":false,"lastModificationTime":"2020-03-24T17:57:16.528-04:00","creationTime":"2019-02-06T22:15:01.09-05:00","firstPublishTime":null,"visits":0,"rating":0.0,"submissions":null,"neosDBmanifest":[{"hash":"69cc58feace1ac8f2a34e79bfa3cc6ead2448db3a55d37f1d2b3deb6465d67ea","bytes":7154}]}

New Record:

{"id":"R-Settings","ownerId":"U-bombitmanbomb","assetUri":"local://cxwphbzdjeal8wj7hzq_ca/e0d5MrvzqUesBw6HHeRwbw.lz4bson","globalVersion":0,"localVersion":1,"lastModifyingUserId":"U-bombitmanbomb","lastModifyingMachineId":"cxwphbzdjeal8wj7hzq_ca","name":"Settings","recordType":"object","ownerName":null,"path":null,"isPublic":false,"isForPatrons":false,"isListed":false,"lastModificationTime":"2020-05-05T02:36:15.6227471Z","creationTime":"2020-05-05T02:36:15.6227471Z","firstPublishTime":null,"visits":0,"rating":0.0,"submissions":null}
10:36:15 PM.641 (138 FPS)	Starting running world: 
10:36:15 PM.691 (138 FPS)	Spawning User bombitmanbomb (ID2900)
10:36:15 PM.691 (138 FPS)	User bombitmanbomb Role: Admin, HasFingerTracking: False, HasEyeTracking: False, HasLipTracking: False
10:36:15 PM.818 (138 FPS)	Shutdown requested
10:36:15 PM.818 (138 FPS)	Shutting down
10:36:15 PM.924 (138 FPS)	Requesting environment shutdown
10:36:15 PM.928 (138 FPS)	Shutting down environment
10:36:16 PM.128 (138 FPS)	Saving Settings
