10:39:52 PM.760 ( -1 FPS)	Autodetected: Screen
10:39:52 PM.763 ( -1 FPS)	Platform: WindowsPlayer, loaded VR device: Loaded device name: , StereoRenderingMode: MultiPass
10:39:53 PM.365 (  0 FPS)	Initializing Neos: Beta 2020.5.4.1227, Processor Count: 8, Max GC Generation: 0, IsLittleEndian: True, HeadDevice: Screen
10:39:53 PM.366 (  0 FPS)	5.11.0 (Visual Studio built mono)
10:39:53 PM.366 (  0 FPS)	Argument: F:\SteamLibrary\steamapps\common\NeosVR\Neos.exe
10:39:53 PM.388 (  0 FPS)	Compatibility Hash: xY1UOwC3K2o+70FP/vw9dw==
10:39:53 PM.988 (  0 FPS)	FreeImage Version: 3.18.0
10:39:53 PM.989 (  0 FPS)	FreeType Version: 2.10.0
10:39:55 PM.263 (  0 FPS)		Reading settings file
10:39:55 PM.285 (  0 FPS)		Performing version checks and updates, loaded version: 6
10:39:55 PM.287 (  0 FPS)	MachineID: cxwphbzdjeal8wj7hzq_ca
10:39:55 PM.489 (  0 FPS)		Configuring LiteDB database
10:39:55 PM.596 (  0 FPS)	Saving Settings
10:39:55 PM.662 (  0 FPS)	Graphics Device Type: Direct3D11
10:39:55 PM.694 (  0 FPS)	AudioSystem SampleRate: 48000, BufferLength: 1024, NumBuffers: 4
10:39:55 PM.843 (  0 FPS)	Executable: F:\SteamLibrary\steamapps\common\NeosVR\RuntimeData\Neosmon\NeosmonServer.exe
10:39:56 PM.119 (  0 FPS)	Local User SteamID: 76561198084108249
10:39:56 PM.120 (  0 FPS)	SteamAPI initialized
10:39:56 PM.154 (  0 FPS)	Supported network protocols: lnl-nat, lnl, neos-steam
10:39:56 PM.155 (  0 FPS)	FrooxEngine Initialized in 2788.9214 ms
10:39:56 PM.162 (  0 FPS)	Initializing CSCore Audio Input Driver
10:39:56 PM.184 (  0 FPS)	Initialized Audio Input MMDevice CABLE Output (VB-Audio Virtual Cable), ID: {0.0.1.00000000}.{27aa08a5-11b4-4a87-9284-b84ea1380e43}, Format: ChannelsAvailable: 2|SampleRate: 44100|Bps: 264600|BlockAlign: 6|BitsPerSample: 24|Encoding: Extensible|SubFormat: 00000001-0000-0010-8000-00aa00389b71|ChannelMask: SpeakerFrontLeft, SpeakerFrontRight
10:39:56 PM.184 (  0 FPS)	Initialized Audio Input MMDevice Microphone (Virtual Desktop Audio), ID: {0.0.1.00000000}.{3df72788-e632-4225-8dac-a1cbe867f8f3}, Format: ChannelsAvailable: 1|SampleRate: 44100|Bps: 88200|BlockAlign: 2|BitsPerSample: 16|Encoding: Extensible|SubFormat: 00000001-0000-0010-8000-00aa00389b71|ChannelMask: SpeakerFrontCenter
10:39:56 PM.184 (  0 FPS)	Initialized Audio Input MMDevice Microphone (Steam Streaming Microphone), ID: {0.0.1.00000000}.{498e1399-049d-464a-a7e7-971379ec3d9e}, Format: ChannelsAvailable: 1|SampleRate: 44100|Bps: 88200|BlockAlign: 2|BitsPerSample: 16|Encoding: Extensible|SubFormat: 00000001-0000-0010-8000-00aa00389b71|ChannelMask: SpeakerFrontCenter
10:39:56 PM.184 (  0 FPS)	Initialized Audio Input MMDevice VoiceMeeter Output (VB-Audio VoiceMeeter VAIO), ID: {0.0.1.00000000}.{4fcdd9da-b9a9-429e-8f60-5e5fd382751e}, Format: ChannelsAvailable: 2|SampleRate: 44100|Bps: 264600|BlockAlign: 6|BitsPerSample: 24|Encoding: Extensible|SubFormat: 00000001-0000-0010-8000-00aa00389b71|ChannelMask: SpeakerFrontLeft, SpeakerFrontRight
10:39:56 PM.185 (  0 FPS)	Initialized Audio Input MMDevice VoiceMeeter Aux Output (VB-Audio VoiceMeeter AUX VAIO), ID: {0.0.1.00000000}.{8510075a-d1c4-45e5-9925-a7e5cb05d31d}, Format: ChannelsAvailable: 2|SampleRate: 44100|Bps: 264600|BlockAlign: 6|BitsPerSample: 24|Encoding: Extensible|SubFormat: 00000001-0000-0010-8000-00aa00389b71|ChannelMask: SpeakerFrontLeft, SpeakerFrontRight
10:39:56 PM.185 (  0 FPS)	Initialized Audio Input MMDevice Microphone (2- Razer Kiyo), ID: {0.0.1.00000000}.{909d5b2a-85a4-49fb-a679-6b0af3a943a3}, Format: ChannelsAvailable: 2|SampleRate: 16000|Bps: 64000|BlockAlign: 4|BitsPerSample: 16|Encoding: Extensible|SubFormat: 00000001-0000-0010-8000-00aa00389b71|ChannelMask: SpeakerFrontLeft, SpeakerFrontRight
10:39:56 PM.185 (  0 FPS)	Initialized Audio Input MMDevice Microphone (Razer Seiren X), ID: {0.0.1.00000000}.{a073827b-d5fb-4e4a-9dd8-4a8555616689}, Format: ChannelsAvailable: 2|SampleRate: 44100|Bps: 176400|BlockAlign: 4|BitsPerSample: 16|Encoding: Extensible|SubFormat: 00000001-0000-0010-8000-00aa00389b71|ChannelMask: SpeakerFrontLeft, SpeakerFrontRight
10:39:56 PM.694 (  0 FPS)	Starting running world: 
10:39:56 PM.773 (  0 FPS)	Parsing Config.json file
10:39:56 PM.779 (  0 FPS)	Excepting parsing the config file: System.IO.FileNotFoundException: Could not find file "D:\Documents\GitHub\PolyLogiX-Launcher\polylogix-launcher\Config.json"
File name: 'D:\Documents\GitHub\PolyLogiX-Launcher\polylogix-launcher\Config.json'
  at System.IO.FileStream..ctor (System.String path, System.IO.FileMode mode, System.IO.FileAccess access, System.IO.FileShare share, System.Int32 bufferSize, System.Boolean anonymous, System.IO.FileOptions options) [0x0019e] in <437ba245d8404784b9fbab9b439ac908>:0 
  at System.IO.FileStream..ctor (System.String path, System.IO.FileMode mode, System.IO.FileAccess access, System.IO.FileShare share, System.Int32 bufferSize, System.IO.FileOptions options, System.String msgPath, System.Boolean bFromProxy, System.Boolean useLongPath, System.Boolean checkHost) [0x00000] in <437ba245d8404784b9fbab9b439ac908>:0 
  at (wrapper remoting-invoke-with-check) System.IO.FileStream..ctor(string,System.IO.FileMode,System.IO.FileAccess,System.IO.FileShare,int,System.IO.FileOptions,string,bool,bool,bool)
  at System.IO.StreamReader..ctor (System.String path, System.Text.Encoding encoding, System.Boolean detectEncodingFromByteOrderMarks, System.Int32 bufferSize, System.Boolean checkHost) [0x00067] in <437ba245d8404784b9fbab9b439ac908>:0 
  at System.IO.StreamReader..ctor (System.String path, System.Text.Encoding encoding, System.Boolean detectEncodingFromByteOrderMarks, System.Int32 bufferSize) [0x00000] in <437ba245d8404784b9fbab9b439ac908>:0 
  at System.IO.StreamReader..ctor (System.String path, System.Boolean detectEncodingFromByteOrderMarks) [0x0000d] in <437ba245d8404784b9fbab9b439ac908>:0 
  at System.IO.StreamReader..ctor (System.String path) [0x00000] in <437ba245d8404784b9fbab9b439ac908>:0 
  at (wrapper remoting-invoke-with-check) System.IO.StreamReader..ctor(string)
  at System.IO.File.ReadAllText (System.String path) [0x00000] in <437ba245d8404784b9fbab9b439ac908>:0 
  at FrooxEngine.Userspace.OnAttach () [0x00057] in <1521eeb89d5747d39755fd3f393d38f4>:0 
10:39:56 PM.780 (  0 FPS)	Running default bootstrap
10:39:58 PM.252 (  0 FPS)	User Bitman Role: Admin, HasFingerTracking: False, HasEyeTracking: False, HasLipTracking: False
10:39:58 PM.640 (  0 FPS)	Has LeftTool: False, Has RightTool: False
10:39:58 PM.651 (  0 FPS)	Setting URL: local://cxwphbzdjeal8wj7hzq_ca/38AG5Chov0GbChbBvpDJxg.lz4bson
10:39:58 PM.980 (  0 FPS)	Local Home file not found, creating a new one. Fetched homeUrl: local://cxwphbzdjeal8wj7hzq_ca/tVyJvNbD60ODgzxDw9npXA.lz4bson, record: {"id":"R-Home","ownerId":"M-cxwphbzdjeal8wj7hzq_ca","assetUri":"local://cxwphbzdjeal8wj7hzq_ca/tVyJvNbD60ODgzxDw9npXA.lz4bson","globalVersion":0,"localVersion":5,"lastModifyingUserId":"U-bombitmanbomb","lastModifyingMachineId":"cxwphbzdjeal8wj7hzq_ca","name":"Local","description":null,"recordType":"world","ownerName":null,"tags":[],"path":null,"thumbnailUri":null,"isPublic":false,"isForPatrons":false,"isListed":false,"lastModificationTime":"2020-03-24T17:57:16.717-04:00","rootRecordId":null,"creationTime":"2020-03-13T12:17:57.796-04:00","firstPublishTime":null,"visits":0,"rating":0,"submissions":null,"neosDBmanifest":null,"IsValidOwnerId":true,"IsValidRecordId":true}
10:39:58 PM.985 (  0 FPS)	NetworkInitStart
10:39:58 PM.994 (  0 FPS)	Creating Listener for host SteamID 76561198084108249, channel: 0, sessionId: ea011d6a-f21f-4031-8b0a-9c11f2786372
10:39:58 PM.999 (  0 FPS)	Starting running world: 
